

> frontend@0.1.0 build
> next build --turbopack

[1G[0K   [1m[38;2;173;127;168m▲ Next.js 15.5.4[39m[22m (Turbopack)

 [37m[1m [22m[39m Creating an optimized production build ...
 ✓ Finished writing to disk in 18ms
 [32m[1m✓[22m[39m Compiled successfully in 1713ms
[?25l [37m[1m [22m[39m Linting and checking validity of types  [36m.[39m[2K[1G [37m[1m [22m[39m Linting and checking validity of types  [36m..[39m[2K[1G [37m[1m [22m[39m Linting and checking validity of types  [36m...[39m[2K[1G [37m[1m [22m[39m Linting and checking validity of types  [36m.[39m[2K[1G [37m[1m [22m[39m Linting and checking validity of types  [36m..[39m[2K[1G [37m[1m [22m[39m Linting and checking validity of types  [36m...[39m[2K[1G [37m[1m [22m[39m Linting and checking validity of types  [36m.[39m[2K[1G [37m[1m [22m[39m Linting and checking validity of types  [36m..[39m[2K[1G [37m[1m [22m[39m Linting and checking validity of types  [36m...[39m[2K[1G[?25h [37m[1m [22m[39m Linting and checking validity of types     [32m[1m✓[22m[39m Linting and checking validity of types 
[?25l [37m[1m [22m[39m Collecting page data  [36m.[39m[2K[1G [37m[1m [22m[39m Collecting page data  [36m..[39m[2K[1G[?25h [37m[1m [22m[39m Collecting page data     [32m[1m✓[22m[39m Collecting page data 
[?25l [37m[1m [22m[39m Generating static pages (0/5)  [36m[    ][39m[2K[1G [37m[1m [22m[39m Generating static pages (0/5)  [36m[=   ][39m[2K[1G[?25h [32m[1m✓[22m[39m Generating static pages (5/5)
[?25l [37m[1m [22m[39m Finalizing page optimization  [36m.[39m[?25l [37m[1m [22m[39m Collecting build traces  [36m.[39m[2K[1G [37m[1m [22m[39m Finalizing page optimization  [36m..[39m[2K[1G [37m[1m [22m[39m Collecting build traces  [36m..[39m[2K[1G [37m[1m [22m[39m Finalizing page optimization  [36m...[39m[2K[1G [37m[1m [22m[39m Collecting build traces  [36m...[39m[2K[1G [37m[1m [22m[39m Finalizing page optimization  [36m.[39m[2K[1G [37m[1m [22m[39m Collecting build traces  [36m.[39m[2K[1G [37m[1m [22m[39m Finalizing page optimization  [36m..[39m[2K[1G [37m[1m [22m[39m Collecting build traces  [36m..[39m[2K[1G [37m[1m [22m[39m Finalizing page optimization  [36m...[39m[2K[1G [37m[1m [22m[39m Collecting build traces  [36m...[39m[2K[1G [37m[1m [22m[39m Finalizing page optimization  [36m.[39m[2K[1G [37m[1m [22m[39m Collecting build traces  [36m.[39m[2K[1G [37m[1m [22m[39m Finalizing page optimization  [36m..[39m[2K[1G [37m[1m [22m[39m Collecting build traces  [36m..[39m[2K[1G [37m[1m [22m[39m Finalizing page optimization  [36m...[39m[2K[1G [37m[1m [22m[39m Collecting build traces  [36m...[39m[2K[1G [37m[1m [22m[39m Finalizing page optimization  [36m.[39m[2K[1G [37m[1m [22m[39m Collecting build traces  [36m.[39m[2K[1G [37m[1m [22m[39m Finalizing page optimization  [36m..[39m[2K[1G [37m[1m [22m[39m Collecting build traces  [36m..[39m[2K[1G [37m[1m [22m[39m Finalizing page optimization  [36m...[39m[2K[1G [37m[1m [22m[39m Collecting build traces  [36m...[39m[2K[1G[?25h [37m[1m [22m[39m Collecting build traces     [32m[1m✓[22m[39m Collecting build traces 
[2K[1G[?25h [37m[1m [22m[39m Finalizing page optimization     [32m[1m✓[22m[39m Finalizing page optimization 

[4mRoute (app)[24m                         [4mSize[24m  [4mFirst Load JS[24m  [4m[24m  [4m[24m
┌ ○ /                            5.41 kB         [37m[1m119 kB[22m[39m
└ ○ /_not-found                      0 B         [37m[1m113 kB[22m[39m
+ First Load JS shared by all     [37m[1m117 kB[22m[39m
  ├ chunks/47f477e3d2ef265b.js   20.4 kB
  ├ chunks/6c1d949039ca8e4a.js   75.4 kB
  └ other shared chunks (total)  21.2 kB


○  (Static)  prerendered as static content

[?25h[1G[0K⠙[1G[0K
